<?xml version="1.0" encoding="UTF-8"?>
<!-- Generated by org.testng.reporters.JUnitReportReporter -->
<testsuite hostname="LAPTOP-52IM29O2" failures="0" tests="1" name="com.script.gurubank.Gurubankcreatecurrent" time="10.477" errors="0" timestamp="03 Mar 2021 10:27:59 GMT" skipped="0">
  <testcase classname="com.script.gurubank.Gurubankcreatecurrent" name="burubankcreatecurrent" time="10.477"/>
</testsuite> <!-- com.script.gurubank.Gurubankcreatecurrent -->
