<?xml version="1.0" encoding="UTF-8"?>
<!-- Generated by org.testng.reporters.JUnitReportReporter -->
<testsuite hostname="LAPTOP-52IM29O2" failures="0" tests="1" name="com.script.gurubank.Gurubankcustomerdelete" time="19.505" errors="0" timestamp="28 Feb 2021 11:21:24 GMT" skipped="0">
  <testcase classname="com.script.gurubank.Gurubankcustomerdelete" name="deletecustomer" time="19.505"/>
</testsuite> <!-- com.script.gurubank.Gurubankcustomerdelete -->
